{
  level: 'info',
  message: '/api/news-articles/add',
  service: 'user-service',
  label: 'News articles Rest API',
  timestamp: '2020-02-16T11:37:37.889Z'
}
{
  level: 'info',
  message: '/api/news-articles/add',
  service: 'user-service',
  label: 'News articles Rest API',
  timestamp: '2020-02-16T11:48:52.888Z'
}
{
  level: 'info',
  message: '/api/news-articles/add',
  service: 'user-service',
  label: 'News articles Rest API',
  timestamp: '2020-02-16T13:15:06.790Z'
}
{
  level: 'info',
  message: '/api/news-articles/add',
  service: 'user-service',
  label: 'News articles Rest API',
  timestamp: '2020-02-16T13:20:10.234Z'
}
{
  level: 'info',
  message: '/api/news-articles/add',
  service: 'user-service',
  label: 'News articles Rest API',
  timestamp: '2020-02-16T13:21:52.330Z'
}
{
  level: 'info',
  message: '/api/news-articles/add',
  service: 'user-service',
  label: 'News articles Rest API',
  timestamp: '2020-02-16T13:21:52.339Z'
}
{
  level: 'info',
  message: '/api/news-articles/add',
  service: 'user-service',
  label: 'News articles Rest API',
  timestamp: '2020-02-16T13:37:45.250Z'
}
{
  level: 'info',
  message: '/api/news-articles/add',
  service: 'user-service',
  label: 'News articles Rest API',
  timestamp: '2020-02-16T13:40:53.737Z'
}
{
  level: 'info',
  message: '/api/news-articles',
  service: 'user-service',
  label: 'News articles Rest API',
  timestamp: '2020-02-16T13:47:27.748Z'
}
{
  level: 'info',
  message: '/api/news-articles',
  service: 'user-service',
  label: 'News articles Rest API',
  timestamp: '2020-02-16T16:02:57.129Z'
}
{
  level: 'info',
  message: '/api/news-articles',
  service: 'user-service',
  label: 'News articles Rest API',
  timestamp: '2020-02-16T16:03:03.269Z'
}
{
  level: 'info',
  message: '/api/news-articles',
  service: 'user-service',
  label: 'News articles Rest API',
  timestamp: '2020-02-16T16:07:58.288Z'
}
{
  level: 'info',
  message: '/api/news-articles',
  service: 'user-service',
  label: 'News articles Rest API',
  timestamp: '2020-02-16T16:12:12.027Z'
}
{
  level: 'info',
  message: '/api/news-articles',
  service: 'user-service',
  label: 'News articles Rest API',
  timestamp: '2020-02-16T16:14:44.131Z'
}
{
  level: 'info',
  message: '/api/news-articles',
  service: 'user-service',
  label: 'News articles Rest API',
  timestamp: '2020-02-16T16:19:37.801Z'
}
{
  level: 'info',
  message: '/api/news-articles',
  service: 'user-service',
  label: 'News articles Rest API',
  timestamp: '2020-02-16T16:20:48.135Z'
}
{
  level: 'info',
  message: '/api/news-articles',
  service: 'user-service',
  label: 'News articles Rest API',
  timestamp: '2020-02-16T16:21:18.473Z'
}
{
  level: 'info',
  message: '/api/news-articles',
  service: 'user-service',
  label: 'News articles Rest API',
  timestamp: '2020-02-16T16:27:58.630Z'
}
{
  level: 'info',
  message: '/api/news-articles/add',
  service: 'user-service',
  label: 'News articles Rest API',
  timestamp: '2020-02-16T16:29:26.652Z'
}
{
  level: 'info',
  message: '/api/news-articles',
  service: 'user-service',
  label: 'News articles Rest API',
  timestamp: '2020-02-16T16:30:11.559Z'
}
{
  level: 'info',
  message: '/api/news-articles/add',
  service: 'user-service',
  label: 'News articles Rest API',
  timestamp: '2020-02-16T16:35:20.701Z'
}
{
  level: 'info',
  message: '/api/news-articles',
  service: 'user-service',
  label: 'News articles Rest API',
  timestamp: '2020-02-16T16:35:32.193Z'
}
{
  level: 'info',
  message: '/api/news-articles',
  service: 'user-service',
  label: 'News articles Rest API',
  timestamp: '2020-02-16T16:43:13.686Z'
}
{
  level: 'info',
  message: '/api/news-articles',
  service: 'user-service',
  label: 'News articles Rest API',
  timestamp: '2020-02-16T16:43:22.632Z'
}
{
  level: 'info',
  message: '/api/news-articles',
  service: 'user-service',
  label: 'News articles Rest API',
  timestamp: '2020-02-16T16:46:44.895Z'
}
{
  level: 'info',
  message: '/api/news-articles',
  service: 'user-service',
  label: 'News articles Rest API',
  timestamp: '2020-02-16T16:56:17.763Z'
}
{
  level: 'info',
  message: '/api/news-articles/undefined',
  service: 'user-service',
  label: 'News articles Rest API',
  timestamp: '2020-02-16T16:56:19.612Z'
}
{
  level: 'info',
  message: '/api/news-articles/undefined',
  service: 'user-service',
  label: 'News articles Rest API',
  timestamp: '2020-02-16T16:57:45.579Z'
}
{
  level: 'info',
  message: '/api/news-articles',
  service: 'user-service',
  label: 'News articles Rest API',
  timestamp: '2020-02-16T16:58:40.534Z'
}
{
  level: 'info',
  message: '/api/news-articles',
  service: 'user-service',
  label: 'News articles Rest API',
  timestamp: '2020-02-16T17:16:07.497Z'
}
{
  level: 'info',
  message: '/api/news-articles/5e496f48a2c6053f3af8507f',
  service: 'user-service',
  label: 'News articles Rest API',
  timestamp: '2020-02-16T17:16:09.487Z'
}
{
  level: 'info',
  message: '/api/news-articles/5e496f48a2c6053f3af8507f',
  service: 'user-service',
  label: 'News articles Rest API',
  timestamp: '2020-02-16T17:18:09.494Z'
}
{
  level: 'info',
  message: '/api/news-articles/5e496f48a2c6053f3af8507f',
  service: 'user-service',
  label: 'News articles Rest API',
  timestamp: '2020-02-16T18:02:31.834Z'
}
{
  level: 'info',
  message: '/api/news-articles/5e496f48a2c6053f3af8507f',
  service: 'user-service',
  label: 'News articles Rest API',
  timestamp: '2020-02-16T18:03:55.427Z'
}
{
  level: 'info',
  message: '/api/news-articles/5e496f48a2c6053f3af8507f',
  service: 'user-service',
  label: 'News articles Rest API',
  timestamp: '2020-02-16T18:05:26.248Z'
}
{
  level: 'info',
  message: '/api/news-articles/5e496f48a2c6053f3af8507f',
  service: 'user-service',
  label: 'News articles Rest API',
  timestamp: '2020-02-16T18:07:05.980Z'
}
{
  level: 'info',
  message: '/api/news-articles',
  service: 'user-service',
  label: 'News articles Rest API',
  timestamp: '2020-02-16T18:09:00.681Z'
}
{
  level: 'info',
  message: '/api/news-articles/5e496f48a2c6053f3af8507f',
  service: 'user-service',
  label: 'News articles Rest API',
  timestamp: '2020-02-16T18:09:04.589Z'
}
{
  level: 'info',
  message: '/api/news-articles/5e496f48a2c6053f3af8507f',
  service: 'user-service',
  label: 'News articles Rest API',
  timestamp: '2020-02-16T18:11:04.592Z'
}
{
  level: 'info',
  message: '/api/news-articles/5e496f48a2c6053f3af8507f',
  service: 'user-service',
  label: 'News articles Rest API',
  timestamp: '2020-02-16T18:11:49.258Z'
}
{
  level: 'info',
  message: '/api/news-articles/5e496f48a2c6053f3af8507f',
  service: 'user-service',
  label: 'News articles Rest API',
  timestamp: '2020-02-16T18:12:16.688Z'
}
{
  level: 'info',
  message: '/api/news-articles/5e496f48a2c6053f3af8507f',
  service: 'user-service',
  label: 'News articles Rest API',
  timestamp: '2020-02-16T18:13:47.574Z'
}
{
  level: 'info',
  message: '/api/news-articles/5e496f48a2c6053f3af8507f',
  service: 'user-service',
  label: 'News articles Rest API',
  timestamp: '2020-02-16T18:14:16.686Z'
}
{
  level: 'info',
  message: '/api/news-articles/5e496f48a2c6053f3af8507f',
  service: 'user-service',
  label: 'News articles Rest API',
  timestamp: '2020-02-16T18:14:41.703Z'
}
{
  level: 'info',
  message: '/api/news-articles/5e496f48a2c6053f3af8507f',
  service: 'user-service',
  label: 'News articles Rest API',
  timestamp: '2020-02-16T18:16:41.699Z'
}
{
  level: 'info',
  message: '/api/news-articles/5e496f48a2c6053f3af8507f',
  service: 'user-service',
  label: 'News articles Rest API',
  timestamp: '2020-02-16T18:19:30.102Z'
}
{
  level: 'info',
  message: '/api/news-articles/5e496f48a2c6053f3af8507f',
  service: 'user-service',
  label: 'News articles Rest API',
  timestamp: '2020-02-16T18:20:20.638Z'
}
{
  level: 'info',
  message: '/api/news-articles/5e496f48a2c6053f3af8507f',
  service: 'user-service',
  label: 'News articles Rest API',
  timestamp: '2020-02-16T18:21:56.970Z'
}
{
  level: 'info',
  message: '/api/news-articles/5e496f48a2c6053f3af8507f',
  service: 'user-service',
  label: 'News articles Rest API',
  timestamp: '2020-02-16T18:22:20.509Z'
}
{
  level: 'info',
  message: '/api/news-articles/5e496f48a2c6053f3af8507f',
  service: 'user-service',
  label: 'News articles Rest API',
  timestamp: '2020-02-16T18:34:22.625Z'
}
{
  level: 'info',
  message: '/api/news-articles/5e496f48a2c6053f3af8507f',
  service: 'user-service',
  label: 'News articles Rest API',
  timestamp: '2020-02-16T18:36:10.868Z'
}
{
  level: 'info',
  message: '/api/news-articles',
  service: 'user-service',
  label: 'News articles Rest API',
  timestamp: '2020-02-16T18:39:07.599Z'
}
{
  level: 'info',
  message: '/api/news-articles',
  service: 'user-service',
  label: 'News articles Rest API',
  timestamp: '2020-02-16T18:39:19.891Z'
}
{
  level: 'info',
  message: '/api/news-articles',
  service: 'user-service',
  label: 'News articles Rest API',
  timestamp: '2020-02-16T18:47:51.661Z'
}
{
  level: 'info',
  message: '/api/news-articles/5e496de6fa6fd03eb51527bc',
  service: 'user-service',
  label: 'News articles Rest API',
  timestamp: '2020-02-16T18:48:16.193Z'
}
{
  level: 'info',
  message: '/api/news-articles/5e496de6fa6fd03eb51527bc',
  service: 'user-service',
  label: 'News articles Rest API',
  timestamp: '2020-02-16T18:48:25.332Z'
}
{
  level: 'info',
  message: '/api/news-articles/',
  service: 'user-service',
  label: 'News articles Rest API',
  timestamp: '2020-02-16T18:49:00.827Z'
}
{
  level: 'info',
  message: '/api/news-articles/add',
  service: 'user-service',
  label: 'News articles Rest API',
  timestamp: '2020-02-16T18:56:57.362Z'
}
{
  level: 'info',
  message: '/api/news-articles',
  service: 'user-service',
  label: 'News articles Rest API',
  timestamp: '2020-02-16T19:04:51.887Z'
}
{
  level: 'info',
  message: '/api/news-articles/5e499079c1a58045d4370a8c',
  service: 'user-service',
  label: 'News articles Rest API',
  timestamp: '2020-02-16T19:04:55.812Z'
}
{
  level: 'info',
  message: '/api/news-articles/5e499079c1a58045d4370a8c',
  service: 'user-service',
  label: 'News articles Rest API',
  timestamp: '2020-02-16T19:05:00.176Z'
}
{
  level: 'info',
  message: '/api/news-articles/5e499079c1a58045d4370a8c',
  service: 'user-service',
  label: 'News articles Rest API',
  timestamp: '2020-02-16T19:05:01.678Z'
}
{
  level: 'info',
  message: '/api/news-articles',
  service: 'user-service',
  label: 'News articles Rest API',
  timestamp: '2020-02-16T19:05:07.401Z'
}
{
  level: 'info',
  message: '/api/news-articles',
  service: 'user-service',
  label: 'News articles Rest API',
  timestamp: '2020-02-16T19:07:06.303Z'
}
{
  level: 'info',
  message: '/api/news-articles',
  service: 'user-service',
  label: 'News articles Rest API',
  timestamp: '2020-02-16T19:18:19.580Z'
}
{
  level: 'info',
  message: '/api/news-articles/5e496f48a2c6053f3af8507f',
  service: 'user-service',
  label: 'News articles Rest API',
  timestamp: '2020-02-16T19:18:21.247Z'
}
{
  level: 'info',
  message: '/api/news-articles/5e496f48a2c6053f3af8507f',
  service: 'user-service',
  label: 'News articles Rest API',
  timestamp: '2020-02-16T19:19:34.312Z'
}
{
  level: 'info',
  message: '/api/news-articles/5e496f48a2c6053f3af8507f',
  service: 'user-service',
  label: 'News articles Rest API',
  timestamp: '2020-02-16T19:20:14.740Z'
}
{
  level: 'info',
  message: '/api/news-articles/5e496f48a2c6053f3af8507f',
  service: 'user-service',
  label: 'News articles Rest API',
  timestamp: '2020-02-16T19:20:33.787Z'
}
{
  level: 'info',
  message: '/api/news-articles/5e496f48a2c6053f3af8507f',
  service: 'user-service',
  label: 'News articles Rest API',
  timestamp: '2020-02-16T19:22:50.138Z'
}
{
  level: 'info',
  message: '/api/news-articles/5e496f48a2c6053f3af8507f',
  service: 'user-service',
  label: 'News articles Rest API',
  timestamp: '2020-02-16T19:22:55.077Z'
}
{
  level: 'info',
  message: '/api/news-articles/5e496f48a2c6053f3af8507f',
  service: 'user-service',
  label: 'News articles Rest API',
  timestamp: '2020-02-16T19:23:03.803Z'
}
{
  level: 'info',
  message: '/api/news-articles',
  service: 'user-service',
  label: 'News articles Rest API',
  timestamp: '2020-02-16T19:23:09.719Z'
}
{
  level: 'info',
  message: '/api/news-articles/5e496f48a2c6053f3af8507f',
  service: 'user-service',
  label: 'News articles Rest API',
  timestamp: '2020-02-16T19:23:13.566Z'
}
{
  level: 'info',
  message: '/api/news-articles/5e496f48a2c6053f3af8507f',
  service: 'user-service',
  label: 'News articles Rest API',
  timestamp: '2020-02-16T19:25:37.154Z'
}
{
  level: 'info',
  message: '/api/news-articles/5e496f48a2c6053f3af8507f',
  service: 'user-service',
  label: 'News articles Rest API',
  timestamp: '2020-02-16T19:25:40.904Z'
}
{
  level: 'info',
  message: '/api/news-articles/5e496f48a2c6053f3af8507f',
  service: 'user-service',
  label: 'News articles Rest API',
  timestamp: '2020-02-16T19:25:58.766Z'
}
{
  level: 'info',
  message: '/api/news-articles',
  service: 'user-service',
  label: 'News articles Rest API',
  timestamp: '2020-02-16T19:26:02.964Z'
}
{
  level: 'info',
  message: '/api/news-articles/5e496f48a2c6053f3af8507f',
  service: 'user-service',
  label: 'News articles Rest API',
  timestamp: '2020-02-16T19:26:05.869Z'
}
{
  level: 'info',
  message: '/api/news-articles/5e496f48a2c6053f3af8507f',
  service: 'user-service',
  label: 'News articles Rest API',
  timestamp: '2020-02-16T19:26:18.654Z'
}
{
  level: 'info',
  message: '/api/news-articles/5e496f48a2c6053f3af8507f',
  service: 'user-service',
  label: 'News articles Rest API',
  timestamp: '2020-02-16T19:31:50.782Z'
}
{
  level: 'info',
  message: '/api/news-articles/5e496f48a2c6053f3af8507f',
  service: 'user-service',
  label: 'News articles Rest API',
  timestamp: '2020-02-16T19:31:57.017Z'
}
{
  level: 'info',
  message: '/api/news-articles/5e496f48a2c6053f3af8507f',
  service: 'user-service',
  label: 'News articles Rest API',
  timestamp: '2020-02-16T19:31:57.053Z'
}
{
  level: 'info',
  message: '/api/news-articles/5e496f48a2c6053f3af8507f',
  service: 'user-service',
  label: 'News articles Rest API',
  timestamp: '2020-02-16T19:32:06.930Z'
}
{
  level: 'info',
  message: '/api/news-articles/5e496f48a2c6053f3af8507f',
  service: 'user-service',
  label: 'News articles Rest API',
  timestamp: '2020-02-16T19:32:06.953Z'
}
{
  level: 'info',
  message: '/api/news-articles/5e496f48a2c6053f3af8507f',
  service: 'user-service',
  label: 'News articles Rest API',
  timestamp: '2020-02-16T19:32:09.983Z'
}
{
  level: 'info',
  message: '/api/news-articles/5e496f48a2c6053f3af8507f',
  service: 'user-service',
  label: 'News articles Rest API',
  timestamp: '2020-02-16T19:32:10.003Z'
}
{
  level: 'info',
  message: '/api/news-articles/5e496f48a2c6053f3af8507f',
  service: 'user-service',
  label: 'News articles Rest API',
  timestamp: '2020-02-16T19:32:13.849Z'
}
{
  level: 'info',
  message: '/api/news-articles/5e496f48a2c6053f3af8507f',
  service: 'user-service',
  label: 'News articles Rest API',
  timestamp: '2020-02-16T19:32:15.698Z'
}
{
  level: 'info',
  message: '/api/news-articles/5e496f48a2c6053f3af8507f',
  service: 'user-service',
  label: 'News articles Rest API',
  timestamp: '2020-02-16T19:32:27.717Z'
}
{
  level: 'info',
  message: '/api/news-articles/5e496f48a2c6053f3af8507f',
  service: 'user-service',
  label: 'News articles Rest API',
  timestamp: '2020-02-16T19:32:27.741Z'
}
{
  level: 'info',
  message: '/api/news-articles/5e496f48a2c6053f3af8507f',
  service: 'user-service',
  label: 'News articles Rest API',
  timestamp: '2020-02-16T19:32:37.699Z'
}
{
  level: 'info',
  message: '/api/news-articles/5e496f48a2c6053f3af8507f',
  service: 'user-service',
  label: 'News articles Rest API',
  timestamp: '2020-02-16T19:32:37.723Z'
}
{
  level: 'info',
  message: '/api/news-articles/5e496f48a2c6053f3af8507f',
  service: 'user-service',
  label: 'News articles Rest API',
  timestamp: '2020-02-16T19:32:38.939Z'
}
{
  level: 'info',
  message: '/api/news-articles/5e496f48a2c6053f3af8507f',
  service: 'user-service',
  label: 'News articles Rest API',
  timestamp: '2020-02-16T19:32:38.961Z'
}
{
  level: 'info',
  message: '/api/news-articles/5e496f48a2c6053f3af8507f',
  service: 'user-service',
  label: 'News articles Rest API',
  timestamp: '2020-02-16T19:32:39.976Z'
}
{
  level: 'info',
  message: '/api/news-articles/5e496f48a2c6053f3af8507f',
  service: 'user-service',
  label: 'News articles Rest API',
  timestamp: '2020-02-16T19:32:40.002Z'
}
{
  level: 'info',
  message: '/api/news-articles/5e496f48a2c6053f3af8507f',
  service: 'user-service',
  label: 'News articles Rest API',
  timestamp: '2020-02-16T19:32:40.858Z'
}
{
  level: 'info',
  message: '/api/news-articles/5e496f48a2c6053f3af8507f',
  service: 'user-service',
  label: 'News articles Rest API',
  timestamp: '2020-02-16T19:32:40.880Z'
}
{
  level: 'info',
  message: '/api/news-articles',
  service: 'user-service',
  label: 'News articles Rest API',
  timestamp: '2020-02-16T19:37:34.209Z'
}
{
  level: 'info',
  message: '/api/news-articles/5e496f48a2c6053f3af8507f',
  service: 'user-service',
  label: 'News articles Rest API',
  timestamp: '2020-02-16T19:37:51.230Z'
}
{
  level: 'info',
  message: '/api/news-articles/5e496de6fa6fd03eb51527bc',
  service: 'user-service',
  label: 'News articles Rest API',
  timestamp: '2020-02-16T19:37:56.622Z'
}
{
  level: 'info',
  message: '/api/news-articles',
  service: 'user-service',
  label: 'News articles Rest API',
  timestamp: '2020-02-16T19:38:35.541Z'
}
{
  level: 'info',
  message: '/api/news-articles/5e496de6fa6fd03eb51527bc',
  service: 'user-service',
  label: 'News articles Rest API',
  timestamp: '2020-02-16T19:38:37.606Z'
}
{
  level: 'info',
  message: '/api/news-articles/5e496de6fa6fd03eb51527bc',
  service: 'user-service',
  label: 'News articles Rest API',
  timestamp: '2020-02-16T19:38:45.794Z'
}
{
  level: 'info',
  message: '/api/news-articles/5e496de6fa6fd03eb51527bc',
  service: 'user-service',
  label: 'News articles Rest API',
  timestamp: '2020-02-16T19:38:45.831Z'
}
{
  level: 'info',
  message: '/api/news-articles',
  service: 'user-service',
  label: 'News articles Rest API',
  timestamp: '2020-02-16T19:42:19.945Z'
}
{
  level: 'info',
  message: '/api/news-articles',
  service: 'user-service',
  label: 'News articles Rest API',
  timestamp: '2020-02-16T19:51:47.260Z'
}
{
  level: 'info',
  message: '/api/news-articles/5e496f48a2c6053f3af8507f',
  service: 'user-service',
  label: 'News articles Rest API',
  timestamp: '2020-02-16T19:51:50.078Z'
}
{
  level: 'info',
  message: '/api/news-articles',
  service: 'user-service',
  label: 'News articles Rest API',
  timestamp: '2020-02-16T19:52:06.740Z'
}
{
  level: 'info',
  message: '/api/news-articles/5e496f48a2c6053f3af8507f',
  service: 'user-service',
  label: 'News articles Rest API',
  timestamp: '2020-02-16T19:52:57.246Z'
}
{
  level: 'info',
  message: '/api/news-articles/5e496f48a2c6053f3af8507f',
  service: 'user-service',
  label: 'News articles Rest API',
  timestamp: '2020-02-16T19:53:30.826Z'
}
{
  level: 'info',
  message: '/api/news-articles',
  service: 'user-service',
  label: 'News articles Rest API',
  timestamp: '2020-02-16T19:56:28.759Z'
}
{
  level: 'info',
  message: '/api/news-articles',
  service: 'user-service',
  label: 'News articles Rest API',
  timestamp: '2020-02-16T19:56:48.960Z'
}
{
  level: 'info',
  message: '/api/news-articles',
  service: 'user-service',
  label: 'News articles Rest API',
  timestamp: '2020-02-16T19:58:27.880Z'
}
{
  level: 'info',
  message: '/api/news-articles/5de28d01b090dbda3e9467ae',
  service: 'user-service',
  label: 'News articles Rest API',
  timestamp: '2020-02-16T19:58:45.517Z'
}
{
  level: 'info',
  message: '/api/news-articles/delete/5de28d01b090dbda3e9467ae',
  service: 'user-service',
  label: 'News articles Rest API',
  timestamp: '2020-02-16T20:01:20.139Z'
}
{
  level: 'info',
  message: '/api/news-articles',
  service: 'user-service',
  label: 'News articles Rest API',
  timestamp: '2020-02-16T20:02:48.574Z'
}
{
  level: 'info',
  message: '/api/news-articles/5de28db8b090dbda3e9467af',
  service: 'user-service',
  label: 'News articles Rest API',
  timestamp: '2020-02-16T20:02:50.681Z'
}
{
  level: 'info',
  message: '/api/news-articles/delete/5de28db8b090dbda3e9467af',
  service: 'user-service',
  label: 'News articles Rest API',
  timestamp: '2020-02-16T20:02:59.234Z'
}
{
  level: 'info',
  message: '/api/news-articles',
  service: 'user-service',
  label: 'News articles Rest API',
  timestamp: '2020-02-16T20:03:11.354Z'
}
{
  level: 'info',
  message: '/api/news-articles/5de28ddbb090dbda3e9467b0',
  service: 'user-service',
  label: 'News articles Rest API',
  timestamp: '2020-02-16T20:03:14.682Z'
}
{
  level: 'info',
  message: '/api/news-articles/delete/5de28ddbb090dbda3e9467b0',
  service: 'user-service',
  label: 'News articles Rest API',
  timestamp: '2020-02-16T20:03:23.242Z'
}
{
  level: 'info',
  message: '/api/news-articles/5de28ddbb090dbda3e9467b0',
  service: 'user-service',
  label: 'News articles Rest API',
  timestamp: '2020-02-16T20:03:27.577Z'
}
{
  level: 'info',
  message: '/api/news-articles',
  service: 'user-service',
  label: 'News articles Rest API',
  timestamp: '2020-02-16T20:03:32.920Z'
}
{
  level: 'info',
  message: '/api/news-articles/5e49405af082a62d0a5f535b',
  service: 'user-service',
  label: 'News articles Rest API',
  timestamp: '2020-02-16T20:03:59.590Z'
}
{
  level: 'info',
  message: '/api/news-articles/delete/5e49405af082a62d0a5f535b',
  service: 'user-service',
  label: 'News articles Rest API',
  timestamp: '2020-02-16T20:04:08.691Z'
}
{
  level: 'info',
  message: '/api/news-articles/5e49418af082a62d0a5f535c',
  service: 'user-service',
  label: 'News articles Rest API',
  timestamp: '2020-02-16T20:04:12.913Z'
}
{
  level: 'info',
  message: '/api/news-articles/delete/5e49418af082a62d0a5f535c',
  service: 'user-service',
  label: 'News articles Rest API',
  timestamp: '2020-02-16T20:04:18.116Z'
}
{
  level: 'info',
  message: '/api/news-articles/5e4941f0ad7d602e2168cd2f',
  service: 'user-service',
  label: 'News articles Rest API',
  timestamp: '2020-02-16T20:04:21.893Z'
}
{
  level: 'info',
  message: '/api/news-articles/delete/5e4941f0ad7d602e2168cd2f',
  service: 'user-service',
  label: 'News articles Rest API',
  timestamp: '2020-02-16T20:04:27.453Z'
}
{
  level: 'info',
  message: '/api/news-articles/5e4941f0ad7d602e2168cd30',
  service: 'user-service',
  label: 'News articles Rest API',
  timestamp: '2020-02-16T20:04:30.943Z'
}
{
  level: 'info',
  message: '/api/news-articles/delete/5e4941f0ad7d602e2168cd30',
  service: 'user-service',
  label: 'News articles Rest API',
  timestamp: '2020-02-16T20:04:36.399Z'
}
{
  level: 'info',
  message: '/api/news-articles',
  service: 'user-service',
  label: 'News articles Rest API',
  timestamp: '2020-02-16T20:04:41.826Z'
}
{
  level: 'info',
  message: '/api/news-articles',
  service: 'user-service',
  label: 'News articles Rest API',
  timestamp: '2020-02-16T20:04:46.752Z'
}
{
  level: 'info',
  message: '/api/news-articles',
  service: 'user-service',
  label: 'News articles Rest API',
  timestamp: '2020-02-16T20:06:40.200Z'
}
{
  level: 'info',
  message: '/api/news-articles/5e4946652221e830597dce32',
  service: 'user-service',
  label: 'News articles Rest API',
  timestamp: '2020-02-16T20:07:33.884Z'
}
{
  level: 'info',
  message: '/api/news-articles/delete/5e4946652221e830597dce32',
  service: 'user-service',
  label: 'News articles Rest API',
  timestamp: '2020-02-16T20:07:40.143Z'
}
{
  level: 'info',
  message: '/api/news-articles',
  service: 'user-service',
  label: 'News articles Rest API',
  timestamp: '2020-02-16T20:20:05.234Z'
}
{
  level: 'info',
  message: '/api/news-articles/delete',
  service: 'user-service',
  label: 'News articles Rest API',
  timestamp: '2020-02-16T20:21:08.705Z'
}
{
  level: 'info',
  message: '/api/news-articles',
  service: 'user-service',
  label: 'News articles Rest API',
  timestamp: '2020-02-16T20:28:16.153Z'
}
{
  level: 'info',
  message: '/api/news-articles/delete',
  service: 'user-service',
  label: 'News articles Rest API',
  timestamp: '2020-02-16T20:28:20.365Z'
}
{
  level: 'info',
  message: '/api/news-articles/delete',
  service: 'user-service',
  label: 'News articles Rest API',
  timestamp: '2020-02-16T20:30:20.368Z'
}
{
  level: 'info',
  message: '/api/news-articles',
  service: 'user-service',
  label: 'News articles Rest API',
  timestamp: '2020-02-16T20:31:11.521Z'
}
{
  level: 'info',
  message: '/api/news-articles',
  service: 'user-service',
  label: 'News articles Rest API',
  timestamp: '2020-02-16T20:33:10.342Z'
}
{
  level: 'info',
  message: '/api/news-articles/delete',
  service: 'user-service',
  label: 'News articles Rest API',
  timestamp: '2020-02-16T20:33:13.549Z'
}
{
  level: 'info',
  message: '/api/news-articles',
  service: 'user-service',
  label: 'News articles Rest API',
  timestamp: '2020-02-16T20:34:29.709Z'
}
{
  level: 'info',
  message: '/api/news-articles/delete',
  service: 'user-service',
  label: 'News articles Rest API',
  timestamp: '2020-02-16T20:34:34.170Z'
}
{
  level: 'info',
  message: '/api/news-articles',
  service: 'user-service',
  label: 'News articles Rest API',
  timestamp: '2020-02-16T20:35:58.121Z'
}
{
  level: 'info',
  message: '/api/news-articles/delete',
  service: 'user-service',
  label: 'News articles Rest API',
  timestamp: '2020-02-16T20:36:01.138Z'
}
{
  level: 'info',
  message: '/api/news-articles',
  service: 'user-service',
  label: 'News articles Rest API',
  timestamp: '2020-02-16T20:36:01.150Z'
}
{
  level: 'info',
  message: '/api/news-articles/5e492c248e9a1d2b6dca4df4',
  service: 'user-service',
  label: 'News articles Rest API',
  timestamp: '2020-02-16T20:36:16.562Z'
}
{
  level: 'info',
  message: '/api/news-articles/delete',
  service: 'user-service',
  label: 'News articles Rest API',
  timestamp: '2020-02-16T20:36:18.699Z'
}
{
  level: 'info',
  message: '/api/news-articles',
  service: 'user-service',
  label: 'News articles Rest API',
  timestamp: '2020-02-16T20:36:18.707Z'
}
{
  level: 'info',
  message: '/api/news-articles',
  service: 'user-service',
  label: 'News articles Rest API',
  timestamp: '2020-02-16T20:37:33.076Z'
}
{
  level: 'info',
  message: '/api/news-articles',
  service: 'user-service',
  label: 'News articles Rest API',
  timestamp: '2020-02-16T20:38:45.154Z'
}
{
  level: 'info',
  message: '/api/news-articles',
  service: 'user-service',
  label: 'News articles Rest API',
  timestamp: '2020-02-16T20:44:12.952Z'
}
{
  level: 'info',
  message: '/api/news-articles',
  service: 'user-service',
  label: 'News articles Rest API',
  timestamp: '2020-02-16T20:44:26.186Z'
}
{
  level: 'info',
  message: '/api/news-articles',
  service: 'user-service',
  label: 'News articles Rest API',
  timestamp: '2020-02-16T20:44:26.189Z'
}
{
  level: 'info',
  message: '/api/news-articles',
  service: 'user-service',
  label: 'News articles Rest API',
  timestamp: '2020-02-16T20:44:29.170Z'
}
{
  level: 'info',
  message: '/api/news-articles',
  service: 'user-service',
  label: 'News articles Rest API',
  timestamp: '2020-02-16T20:45:20.499Z'
}
{
  level: 'info',
  message: '/api/news-articles',
  service: 'user-service',
  label: 'News articles Rest API',
  timestamp: '2020-02-16T20:45:27.728Z'
}
{
  level: 'info',
  message: '/api/news-articles',
  service: 'user-service',
  label: 'News articles Rest API',
  timestamp: '2020-02-16T20:45:27.731Z'
}
{
  level: 'info',
  message: '/api/news-articles',
  service: 'user-service',
  label: 'News articles Rest API',
  timestamp: '2020-02-16T20:45:33.204Z'
}
{
  level: 'info',
  message: '/api/news-articles',
  service: 'user-service',
  label: 'News articles Rest API',
  timestamp: '2020-02-16T20:56:58.522Z'
}
{
  level: 'info',
  message: '/api/news-articles',
  service: 'user-service',
  label: 'News articles Rest API',
  timestamp: '2020-02-16T20:57:04.439Z'
}
{
  level: 'info',
  message: '/api/news-articles',
  service: 'user-service',
  label: 'News articles Rest API',
  timestamp: '2020-02-16T20:57:04.444Z'
}
{
  level: 'info',
  message: '/api/news-articles',
  service: 'user-service',
  label: 'News articles Rest API',
  timestamp: '2020-02-16T20:57:04.450Z'
}
{
  level: 'info',
  message: '/api/news-articles',
  service: 'user-service',
  label: 'News articles Rest API',
  timestamp: '2020-02-16T20:57:04.455Z'
}
{
  level: 'info',
  message: '/api/news-articles',
  service: 'user-service',
  label: 'News articles Rest API',
  timestamp: '2020-02-16T20:57:07.157Z'
}
{
  level: 'info',
  message: '/api/news-articles',
  service: 'user-service',
  label: 'News articles Rest API',
  timestamp: '2020-02-16T20:57:07.163Z'
}
{
  level: 'info',
  message: '/api/news-articles',
  service: 'user-service',
  label: 'News articles Rest API',
  timestamp: '2020-02-16T20:57:08.587Z'
}
{
  level: 'info',
  message: '/api/news-articles',
  service: 'user-service',
  label: 'News articles Rest API',
  timestamp: '2020-02-16T20:57:08.592Z'
}
{
  level: 'info',
  message: '/api/news-articles',
  service: 'user-service',
  label: 'News articles Rest API',
  timestamp: '2020-02-16T20:57:08.598Z'
}
{
  level: 'info',
  message: '/api/news-articles',
  service: 'user-service',
  label: 'News articles Rest API',
  timestamp: '2020-02-16T20:57:08.602Z'
}
{
  level: 'info',
  message: '/api/news-articles',
  service: 'user-service',
  label: 'News articles Rest API',
  timestamp: '2020-02-16T20:57:13.944Z'
}
{
  level: 'info',
  message: '/api/news-articles',
  service: 'user-service',
  label: 'News articles Rest API',
  timestamp: '2020-02-16T20:57:13.950Z'
}
{
  level: 'info',
  message: '/api/news-articles',
  service: 'user-service',
  label: 'News articles Rest API',
  timestamp: '2020-02-16T21:11:30.759Z'
}
{
  level: 'info',
  message: '/api/news-articles/5e496de6fa6fd03eb51527bc',
  service: 'user-service',
  label: 'News articles Rest API',
  timestamp: '2020-02-16T21:11:42.028Z'
}
{
  level: 'info',
  message: '/api/news-articles',
  service: 'user-service',
  label: 'News articles Rest API',
  timestamp: '2020-02-16T21:11:54.082Z'
}
{
  level: 'info',
  message: '/api/news-articles',
  service: 'user-service',
  label: 'News articles Rest API',
  timestamp: '2020-02-16T21:11:54.086Z'
}
{
  level: 'info',
  message: '/api/news-articles',
  service: 'user-service',
  label: 'News articles Rest API',
  timestamp: '2020-02-16T21:11:54.090Z'
}
{
  level: 'info',
  message: '/api/news-articles',
  service: 'user-service',
  label: 'News articles Rest API',
  timestamp: '2020-02-16T21:11:54.093Z'
}
{
  level: 'info',
  message: '/api/news-articles',
  service: 'user-service',
  label: 'News articles Rest API',
  timestamp: '2020-02-16T21:12:04.577Z'
}
{
  level: 'info',
  message: '/api/news-articles',
  service: 'user-service',
  label: 'News articles Rest API',
  timestamp: '2020-02-16T21:12:04.582Z'
}
{
  level: 'info',
  message: '/api/news-articles/add',
  service: 'user-service',
  label: 'News articles Rest API',
  timestamp: '2020-02-16T21:19:07.057Z'
}
{
  level: 'info',
  message: '/api/news-articles',
  service: 'user-service',
  label: 'News articles Rest API',
  timestamp: '2020-02-16T21:19:14.853Z'
}
{
  level: 'info',
  message: '/api/news-articles/add',
  service: 'user-service',
  label: 'News articles Rest API',
  timestamp: '2020-02-16T21:21:17.575Z'
}
{
  level: 'info',
  message: '/api/news-articles/add',
  service: 'user-service',
  label: 'News articles Rest API',
  timestamp: '2020-02-16T21:22:33.452Z'
}
{
  level: 'info',
  message: '/api/news-articles/add',
  service: 'user-service',
  label: 'News articles Rest API',
  timestamp: '2020-02-16T21:23:34.682Z'
}
{
  level: 'info',
  message: '/api/news-articles/add',
  service: 'user-service',
  label: 'News articles Rest API',
  timestamp: '2020-02-16T21:23:47.968Z'
}
{
  level: 'info',
  message: '/api/news-articles/5e49b2e397c50155f7474151',
  service: 'user-service',
  label: 'News articles Rest API',
  timestamp: '2020-02-16T21:23:48.006Z'
}
{
  level: 'info',
  message: '/api/news-articles/delete',
  service: 'user-service',
  label: 'News articles Rest API',
  timestamp: '2020-02-16T21:23:54.842Z'
}
{
  level: 'info',
  message: '/api/news-articles',
  service: 'user-service',
  label: 'News articles Rest API',
  timestamp: '2020-02-16T21:23:54.851Z'
}
{
  level: 'info',
  message: '/api/news-articles/delete',
  service: 'user-service',
  label: 'News articles Rest API',
  timestamp: '2020-02-16T21:24:00.553Z'
}
{
  level: 'info',
  message: '/api/news-articles',
  service: 'user-service',
  label: 'News articles Rest API',
  timestamp: '2020-02-16T21:24:00.560Z'
}
{
  level: 'info',
  message: '/api/news-articles/delete',
  service: 'user-service',
  label: 'News articles Rest API',
  timestamp: '2020-02-16T21:24:01.487Z'
}
{
  level: 'info',
  message: '/api/news-articles',
  service: 'user-service',
  label: 'News articles Rest API',
  timestamp: '2020-02-16T21:24:01.500Z'
}
{
  level: 'info',
  message: '/api/news-articles/delete',
  service: 'user-service',
  label: 'News articles Rest API',
  timestamp: '2020-02-16T21:24:02.737Z'
}
{
  level: 'info',
  message: '/api/news-articles',
  service: 'user-service',
  label: 'News articles Rest API',
  timestamp: '2020-02-16T21:24:02.749Z'
}
{
  level: 'info',
  message: '/api/news-articles/delete',
  service: 'user-service',
  label: 'News articles Rest API',
  timestamp: '2020-02-16T21:24:03.818Z'
}
{
  level: 'info',
  message: '/api/news-articles',
  service: 'user-service',
  label: 'News articles Rest API',
  timestamp: '2020-02-16T21:24:03.830Z'
}
{
  level: 'info',
  message: '/api/news-articles/add',
  service: 'user-service',
  label: 'News articles Rest API',
  timestamp: '2020-02-16T21:26:19.780Z'
}
{
  level: 'info',
  message: '/api/news-articles/5e49b37b97c50155f7474153',
  service: 'user-service',
  label: 'News articles Rest API',
  timestamp: '2020-02-16T21:26:19.836Z'
}
{
  level: 'info',
  message: '/api/news-articles',
  service: 'user-service',
  label: 'News articles Rest API',
  timestamp: '2020-02-16T21:27:20.417Z'
}
{
  level: 'info',
  message: '/api/news-articles/5e492981cae8be2ace4a36ba',
  service: 'user-service',
  label: 'News articles Rest API',
  timestamp: '2020-02-16T21:27:31.062Z'
}
{
  level: 'info',
  message: '/api/news-articles/5e492981cae8be2ace4a36ba',
  service: 'user-service',
  label: 'News articles Rest API',
  timestamp: '2020-02-16T21:27:41.889Z'
}
{
  level: 'info',
  message: '/api/news-articles/5e492981cae8be2ace4a36ba',
  service: 'user-service',
  label: 'News articles Rest API',
  timestamp: '2020-02-16T21:27:41.931Z'
}
{
  level: 'info',
  message: '/api/news-articles',
  service: 'user-service',
  label: 'News articles Rest API',
  timestamp: '2020-02-16T21:27:59.878Z'
}
{
  level: 'info',
  message: '/api/news-articles/delete',
  service: 'user-service',
  label: 'News articles Rest API',
  timestamp: '2020-02-16T21:28:17.765Z'
}
{
  level: 'info',
  message: '/api/news-articles',
  service: 'user-service',
  label: 'News articles Rest API',
  timestamp: '2020-02-16T21:28:17.775Z'
}
{
  level: 'info',
  message: '/api/news-articles/delete',
  service: 'user-service',
  label: 'News articles Rest API',
  timestamp: '2020-02-16T21:28:25.331Z'
}
{
  level: 'info',
  message: '/api/news-articles',
  service: 'user-service',
  label: 'News articles Rest API',
  timestamp: '2020-02-16T21:28:25.349Z'
}
{
  level: 'info',
  message: '/api/news-articles/5e496de6fa6fd03eb51527bc',
  service: 'user-service',
  label: 'News articles Rest API',
  timestamp: '2020-02-16T21:28:32.711Z'
}
{
  level: 'info',
  message: '/api/news-articles',
  service: 'user-service',
  label: 'News articles Rest API',
  timestamp: '2020-02-18T14:17:17.218Z'
}
{
  level: 'info',
  message: '/api/news-articles',
  service: 'user-service',
  label: 'News articles Rest API',
  timestamp: '2020-02-18T14:21:40.606Z'
}
{
  level: 'info',
  message: '/api/news-articles',
  service: 'user-service',
  label: 'News articles Rest API',
  timestamp: '2020-02-18T14:21:44.298Z'
}
{
  level: 'info',
  message: '/api/news-articles',
  service: 'user-service',
  label: 'News articles Rest API',
  timestamp: '2020-02-18T14:21:44.302Z'
}
{
  level: 'info',
  message: '/api/news-articles',
  service: 'user-service',
  label: 'News articles Rest API',
  timestamp: '2020-02-18T14:23:40.896Z'
}
{
  level: 'info',
  message: '/api/news-articles',
  service: 'user-service',
  label: 'News articles Rest API',
  timestamp: '2020-02-18T14:23:40.911Z'
}
{
  level: 'info',
  message: '/api/news-articles',
  service: 'user-service',
  label: 'News articles Rest API',
  timestamp: '2020-02-18T14:32:51.035Z'
}
{
  level: 'info',
  message: '/api/news-articles',
  service: 'user-service',
  label: 'News articles Rest API',
  timestamp: '2020-02-18T14:32:52.312Z'
}
{
  level: 'info',
  message: '/api/news-articles',
  service: 'user-service',
  label: 'News articles Rest API',
  timestamp: '2020-02-18T14:32:52.315Z'
}
{
  level: 'info',
  message: '/api/news-articles',
  service: 'user-service',
  label: 'News articles Rest API',
  timestamp: '2020-02-18T14:34:39.116Z'
}
{
  level: 'info',
  message: '/api/news-articles',
  service: 'user-service',
  label: 'News articles Rest API',
  timestamp: '2020-02-18T14:34:39.132Z'
}
{
  level: 'info',
  message: '/api/news-articles',
  service: 'user-service',
  label: 'News articles Rest API',
  timestamp: '2020-02-18T19:24:48.345Z'
}
{
  level: 'info',
  message: '/api/news-articles',
  service: 'user-service',
  label: 'News articles Rest API',
  timestamp: '2020-02-18T19:24:48.361Z'
}
{
  level: 'info',
  message: '/api/news-articles',
  service: 'user-service',
  label: 'News articles Rest API',
  timestamp: '2020-02-18T19:24:51.123Z'
}
{
  level: 'info',
  message: '/api/news-articles',
  service: 'user-service',
  label: 'News articles Rest API',
  timestamp: '2020-02-18T19:24:53.369Z'
}
{
  level: 'info',
  message: '/api/news-articles',
  service: 'user-service',
  label: 'News articles Rest API',
  timestamp: '2020-02-18T19:24:54.549Z'
}
{
  level: 'info',
  message: '/api/news-articles',
  service: 'user-service',
  label: 'News articles Rest API',
  timestamp: '2020-02-18T19:24:54.552Z'
}
